CRITICAL - 2024-05-23 08:10:03 --> ErrorException: Undefined variable $data
[Method: GET, Route: dashboard]
in APPPATH\Views\DashboardView.php on line 14.
 1 APPPATH\Views\DashboardView.php(14): CodeIgniter\Debug\Exceptions->errorHandler(2, 'Undefined variable $data', 'C:\\laragon\\www\\Quiz\\app\\Views\\DashboardView.php', 14)
 2 SYSTEMPATH\View\View.php(234): include('C:\\laragon\\www\\Quiz\\app\\Views\\DashboardView.php')
 3 SYSTEMPATH\View\View.php(237): CodeIgniter\View\View->CodeIgniter\View\{closure}()
 4 SYSTEMPATH\Common.php(1171): CodeIgniter\View\View->render('DashboardView', [], true)
 5 APPPATH\Controllers\DashboardController.php(23): view('DashboardView', [...])
 6 SYSTEMPATH\CodeIgniter.php(933): App\Controllers\DashboardController->index()
 7 SYSTEMPATH\CodeIgniter.php(509): CodeIgniter\CodeIgniter->runController(Object(App\Controllers\DashboardController))
 8 SYSTEMPATH\CodeIgniter.php(355): CodeIgniter\CodeIgniter->handleRequest(null, Object(Config\Cache), false)
 9 SYSTEMPATH\Boot.php(312): CodeIgniter\CodeIgniter->run()
10 SYSTEMPATH\Boot.php(67): CodeIgniter\Boot::runCodeIgniter(Object(CodeIgniter\CodeIgniter))
11 FCPATH\index.php(56): CodeIgniter\Boot::bootWeb(Object(Config\Paths))
12 SYSTEMPATH\Commands\Server\rewrite.php(49): require_once('C:\\laragon\\www\\Quiz\\public\\index.php')
CRITICAL - 2024-05-23 08:10:14 --> ErrorException: Undefined variable $data
[Method: GET, Route: dashboard]
in APPPATH\Views\DashboardView.php on line 14.
 1 APPPATH\Views\DashboardView.php(14): CodeIgniter\Debug\Exceptions->errorHandler(2, 'Undefined variable $data', 'C:\\laragon\\www\\Quiz\\app\\Views\\DashboardView.php', 14)
 2 SYSTEMPATH\View\View.php(234): include('C:\\laragon\\www\\Quiz\\app\\Views\\DashboardView.php')
 3 SYSTEMPATH\View\View.php(237): CodeIgniter\View\View->CodeIgniter\View\{closure}()
 4 SYSTEMPATH\Common.php(1171): CodeIgniter\View\View->render('DashboardView', [], true)
 5 APPPATH\Controllers\DashboardController.php(23): view('DashboardView', [...])
 6 SYSTEMPATH\CodeIgniter.php(933): App\Controllers\DashboardController->index()
 7 SYSTEMPATH\CodeIgniter.php(509): CodeIgniter\CodeIgniter->runController(Object(App\Controllers\DashboardController))
 8 SYSTEMPATH\CodeIgniter.php(355): CodeIgniter\CodeIgniter->handleRequest(null, Object(Config\Cache), false)
 9 SYSTEMPATH\Boot.php(312): CodeIgniter\CodeIgniter->run()
10 SYSTEMPATH\Boot.php(67): CodeIgniter\Boot::runCodeIgniter(Object(CodeIgniter\CodeIgniter))
11 FCPATH\index.php(56): CodeIgniter\Boot::bootWeb(Object(Config\Paths))
12 SYSTEMPATH\Commands\Server\rewrite.php(49): require_once('C:\\laragon\\www\\Quiz\\public\\index.php')
